# JRE version: Java(TM) SE Runtime Environment (8.0_221-b11) (build 1.8.0_221-b11)
# Java VM: Java HotSpot(TM) 64-Bit Server VM (25.221-b11 mixed mode windows-amd64 compressed oops)
Heap:
 PSYoungGen      total 331264K, used 238003K [0x00000000eab00000, 0x0000000100000000, 0x0000000100000000)
  eden space 315392K, 70% used [0x00000000eab00000,0x00000000f83f6fb0,0x00000000fdf00000)
  from space 15872K, 99% used [0x00000000fdf00000,0x00000000fee75c98,0x00000000fee80000)
  to   space 17920K, 0% used [0x00000000fee80000,0x00000000fee80000,0x0000000100000000)
 ParOldGen       total 186368K, used 52902K [0x00000000c0000000, 0x00000000cb600000, 0x00000000eab00000)
  object space 186368K, 28% used [0x00000000c0000000,0x00000000c33a9b18,0x00000000cb600000)
 Metaspace       used 87300K, capacity 88544K, committed 88832K, reserved 1124352K
  class space    used 12711K, capacity 12965K, committed 13056K, reserved 1048576K
GC Heap History (10 events):
Event: 10.504 GC heap before
{Heap before GC invocations=14 (full 3):
 PSYoungGen      total 241664K, used 228352K [0x00000000eab00000, 0x00000000fc900000, 0x0000000100000000)
  eden space 228352K, 100% used [0x00000000eab00000,0x00000000f8a00000,0x00000000f8a00000)
  from space 13312K, 0% used [0x00000000f9780000,0x00000000f9780000,0x00000000fa480000)
  to   space 13824K, 0% used [0x00000000f8a00000,0x00000000f8a00000,0x00000000f9780000)
 ParOldGen       total 186368K, used 20094K [0x00000000c0000000, 0x00000000cb600000, 0x00000000eab00000)
  object space 186368K, 10% used [0x00000000c0000000,0x00000000c139faf8,0x00000000cb600000)
 Metaspace       used 69050K, capacity 69292K, committed 70016K, reserved 1110016K
  class space    used 10138K, capacity 10241K, committed 10368K, reserved 1048576K
Event: 10.512 GC heap after
Heap after GC invocations=14 (full 3):
 PSYoungGen      total 242176K, used 13415K [0x00000000eab00000, 0x00000000fdc80000, 0x0000000100000000)
  eden space 228352K, 0% used [0x00000000eab00000,0x00000000eab00000,0x00000000f8a00000)
  from space 13824K, 97% used [0x00000000f8a00000,0x00000000f9719d40,0x00000000f9780000)
  to   space 15360K, 0% used [0x00000000fcd80000,0x00000000fcd80000,0x00000000fdc80000)
 ParOldGen       total 186368K, used 20102K [0x00000000c0000000, 0x00000000cb600000, 0x00000000eab00000)
  object space 186368K, 10% used [0x00000000c0000000,0x00000000c13a1af8,0x00000000cb600000)
 Metaspace       used 69050K, capacity 69292K, committed 70016K, reserved 1110016K
  class space    used 10138K, capacity 10241K, committed 10368K, reserved 1048576K
}
Event: 13.247 GC heap before
{Heap before GC invocations=15 (full 3):
 PSYoungGen      total 242176K, used 241767K [0x00000000eab00000, 0x00000000fdc80000, 0x0000000100000000)
  eden space 228352K, 100% used [0x00000000eab00000,0x00000000f8a00000,0x00000000f8a00000)
  from space 13824K, 97% used [0x00000000f8a00000,0x00000000f9719d40,0x00000000f9780000)
  to   space 15360K, 0% used [0x00000000fcd80000,0x00000000fcd80000,0x00000000fdc80000)
 ParOldGen       total 186368K, used 20102K [0x00000000c0000000, 0x00000000cb600000, 0x00000000eab00000)
  object space 186368K, 10% used [0x00000000c0000000,0x00000000c13a1af8,0x00000000cb600000)
 Metaspace       used 75756K, capacity 76266K, committed 76416K, reserved 1114112K
  class space    used 11213K, capacity 11361K, committed 11392K, reserved 1048576K
Event: 13.262 GC heap after
Heap after GC invocations=15 (full 3):
 PSYoungGen      total 291328K, used 12669K [0x00000000eab00000, 0x00000000fda80000, 0x0000000100000000)
  eden space 278016K, 0% used [0x00000000eab00000,0x00000000eab00000,0x00000000fba80000)
  from space 13312K, 95% used [0x00000000fcd80000,0x00000000fd9df4a8,0x00000000fda80000)
  to   space 16384K, 0% used [0x00000000fba80000,0x00000000fba80000,0x00000000fca80000)
 ParOldGen       total 186368K, used 52878K [0x00000000c0000000, 0x00000000cb600000, 0x00000000eab00000)
  object space 186368K, 28% used [0x00000000c0000000,0x00000000c33a3b18,0x00000000cb600000)
 Metaspace       used 75756K, capacity 76266K, committed 76416K, reserved 1114112K
  class space    used 11213K, capacity 11361K, committed 11392K, reserved 1048576K
}
Event: 13.948 GC heap before
{Heap before GC invocations=16 (full 3):
 PSYoungGen      total 291328K, used 290685K [0x00000000eab00000, 0x00000000fda80000, 0x0000000100000000)
  eden space 278016K, 100% used [0x00000000eab00000,0x00000000fba80000,0x00000000fba80000)
  from space 13312K, 95% used [0x00000000fcd80000,0x00000000fd9df4a8,0x00000000fda80000)
  to   space 16384K, 0% used [0x00000000fba80000,0x00000000fba80000,0x00000000fca80000)
 ParOldGen       total 186368K, used 52878K [0x00000000c0000000, 0x00000000cb600000, 0x00000000eab00000)
  object space 186368K, 28% used [0x00000000c0000000,0x00000000c33a3b18,0x00000000cb600000)
 Metaspace       used 77897K, capacity 78564K, committed 78848K, reserved 1116160K
  class space    used 11508K, capacity 11671K, committed 11776K, reserved 1048576K
Event: 13.962 GC heap after
Heap after GC invocations=16 (full 3):
 PSYoungGen      total 294400K, used 11182K [0x00000000eab00000, 0x0000000100000000, 0x0000000100000000)
  eden space 278016K, 0% used [0x00000000eab00000,0x00000000eab00000,0x00000000fba80000)
  from space 16384K, 68% used [0x00000000fba80000,0x00000000fc56b880,0x00000000fca80000)
  to   space 16384K, 0% used [0x00000000ff000000,0x00000000ff000000,0x0000000100000000)
 ParOldGen       total 186368K, used 52886K [0x00000000c0000000, 0x00000000cb600000, 0x00000000eab00000)
  object space 186368K, 28% used [0x00000000c0000000,0x00000000c33a5b18,0x00000000cb600000)
 Metaspace       used 77897K, capacity 78564K, committed 78848K, reserved 1116160K
  class space    used 11508K, capacity 11671K, committed 11776K, reserved 1048576K
}
Event: 14.598 GC heap before
{Heap before GC invocations=17 (full 3):
 PSYoungGen      total 294400K, used 289198K [0x00000000eab00000, 0x0000000100000000, 0x0000000100000000)
  eden space 278016K, 100% used [0x00000000eab00000,0x00000000fba80000,0x00000000fba80000)
  from space 16384K, 68% used [0x00000000fba80000,0x00000000fc56b880,0x00000000fca80000)
  to   space 16384K, 0% used [0x00000000ff000000,0x00000000ff000000,0x0000000100000000)
 ParOldGen       total 186368K, used 52886K [0x00000000c0000000, 0x00000000cb600000, 0x00000000eab00000)
  object space 186368K, 28% used [0x00000000c0000000,0x00000000c33a5b18,0x00000000cb600000)
 Metaspace       used 80174K, capacity 80926K, committed 81152K, reserved 1118208K
  class space    used 11768K, capacity 11958K, committed 12032K, reserved 1048576K
Event: 14.608 GC heap after
Heap after GC invocations=17 (full 3):
 PSYoungGen      total 331776K, used 12658K [0x00000000eab00000, 0x0000000100000000, 0x0000000100000000)
  eden space 315392K, 0% used [0x00000000eab00000,0x00000000eab00000,0x00000000fdf00000)
  from space 16384K, 77% used [0x00000000ff000000,0x00000000ffc5c928,0x0000000100000000)
  to   space 16896K, 0% used [0x00000000fdf00000,0x00000000fdf00000,0x00000000fef80000)
 ParOldGen       total 186368K, used 52894K [0x00000000c0000000, 0x00000000cb600000, 0x00000000eab00000)
  object space 186368K, 28% used [0x00000000c0000000,0x00000000c33a7b18,0x00000000cb600000)
 Metaspace       used 80174K, capacity 80926K, committed 81152K, reserved 1118208K
  class space    used 11768K, capacity 11958K, committed 12032K, reserved 1048576K
}
Event: 15.756 GC heap before
{Heap before GC invocations=18 (full 3):
 PSYoungGen      total 331776K, used 328050K [0x00000000eab00000, 0x0000000100000000, 0x0000000100000000)
  eden space 315392K, 100% used [0x00000000eab00000,0x00000000fdf00000,0x00000000fdf00000)
  from space 16384K, 77% used [0x00000000ff000000,0x00000000ffc5c928,0x0000000100000000)
  to   space 16896K, 0% used [0x00000000fdf00000,0x00000000fdf00000,0x00000000fef80000)
 ParOldGen       total 186368K, used 52894K [0x00000000c0000000, 0x00000000cb600000, 0x00000000eab00000)
  object space 186368K, 28% used [0x00000000c0000000,0x00000000c33a7b18,0x00000000cb600000)
 Metaspace       used 85669K, capacity 86598K, committed 86784K, reserved 1124352K
  class space    used 12510K, capacity 12745K, committed 12800K, reserved 1048576K
Event: 15.768 GC heap after
Heap after GC invocations=18 (full 3):
 PSYoungGen      total 331264K, used 15831K [0x00000000eab00000, 0x0000000100000000, 0x0000000100000000)
  eden space 315392K, 0% used [0x00000000eab00000,0x00000000eab00000,0x00000000fdf00000)
  from space 15872K, 99% used [0x00000000fdf00000,0x00000000fee75c98,0x00000000fee80000)
  to   space 17920K, 0% used [0x00000000fee80000,0x00000000fee80000,0x0000000100000000)
 ParOldGen       total 186368K, used 52902K [0x00000000c0000000, 0x00000000cb600000, 0x00000000eab00000)
  object space 186368K, 28% used [0x00000000c0000000,0x00000000c33a9b18,0x00000000cb600000)
 Metaspace       used 85669K, capacity 86598K, committed 86784K, reserved 1124352K
  class space    used 12510K, capacity 12745K, committed 12800K, reserved 1048576K
}

