# JRE version: Java(TM) SE Runtime Environment (8.0_221-b11) (build 1.8.0_221-b11)
# Java VM: Java HotSpot(TM) 64-Bit Server VM (25.221-b11 mixed mode windows-amd64 compressed oops)
Heap:
 PSYoungGen      total 329216K, used 211643K [0x00000000eab00000, 0x0000000100000000, 0x0000000100000000)
  eden space 313344K, 63% used [0x00000000eab00000,0x00000000f6e12e38,0x00000000fdd00000)
  from space 15872K, 74% used [0x00000000ff080000,0x00000000ffc1c040,0x0000000100000000)
  to   space 17920K, 0% used [0x00000000fdd00000,0x00000000fdd00000,0x00000000fee80000)
 ParOldGen       total 192000K, used 58170K [0x00000000c0000000, 0x00000000cbb80000, 0x00000000eab00000)
  object space 192000K, 30% used [0x00000000c0000000,0x00000000c38ce990,0x00000000cbb80000)
 Metaspace       used 87809K, capacity 89058K, committed 89344K, reserved 1126400K
  class space    used 12748K, capacity 13040K, committed 13056K, reserved 1048576K
GC Heap History (10 events):
Event: 13.407 GC heap before
{Heap before GC invocations=15 (full 3):
 PSYoungGen      total 230400K, used 229207K [0x00000000eab00000, 0x00000000fcb80000, 0x0000000100000000)
  eden space 216576K, 100% used [0x00000000eab00000,0x00000000f7e80000,0x00000000f7e80000)
  from space 13824K, 91% used [0x00000000f7e80000,0x00000000f8ad5f30,0x00000000f8c00000)
  to   space 14848K, 0% used [0x00000000fbd00000,0x00000000fbd00000,0x00000000fcb80000)
 ParOldGen       total 192000K, used 20437K [0x00000000c0000000, 0x00000000cbb80000, 0x00000000eab00000)
  object space 192000K, 10% used [0x00000000c0000000,0x00000000c13f5728,0x00000000cbb80000)
 Metaspace       used 75172K, capacity 75716K, committed 75776K, reserved 1114112K
  class space    used 11099K, capacity 11263K, committed 11264K, reserved 1048576K
Event: 13.420 GC heap after
Heap after GC invocations=15 (full 3):
 PSYoungGen      total 273920K, used 12525K [0x00000000eab00000, 0x00000000fc980000, 0x0000000100000000)
  eden space 261120K, 0% used [0x00000000eab00000,0x00000000eab00000,0x00000000faa00000)
  from space 12800K, 97% used [0x00000000fbd00000,0x00000000fc93b638,0x00000000fc980000)
  to   space 15872K, 0% used [0x00000000faa80000,0x00000000faa80000,0x00000000fba00000)
 ParOldGen       total 192000K, used 53213K [0x00000000c0000000, 0x00000000cbb80000, 0x00000000eab00000)
  object space 192000K, 27% used [0x00000000c0000000,0x00000000c33f7748,0x00000000cbb80000)
 Metaspace       used 75172K, capacity 75716K, committed 75776K, reserved 1114112K
  class space    used 11099K, capacity 11263K, committed 11264K, reserved 1048576K
}
Event: 14.180 GC heap before
{Heap before GC invocations=16 (full 3):
 PSYoungGen      total 273920K, used 273645K [0x00000000eab00000, 0x00000000fc980000, 0x0000000100000000)
  eden space 261120K, 100% used [0x00000000eab00000,0x00000000faa00000,0x00000000faa00000)
  from space 12800K, 97% used [0x00000000fbd00000,0x00000000fc93b638,0x00000000fc980000)
  to   space 15872K, 0% used [0x00000000faa80000,0x00000000faa80000,0x00000000fba00000)
 ParOldGen       total 192000K, used 53213K [0x00000000c0000000, 0x00000000cbb80000, 0x00000000eab00000)
  object space 192000K, 27% used [0x00000000c0000000,0x00000000c33f7748,0x00000000cbb80000)
 Metaspace       used 77748K, capacity 78410K, committed 78592K, reserved 1116160K
  class space    used 11502K, capacity 11666K, committed 11776K, reserved 1048576K
Event: 14.193 GC heap after
Heap after GC invocations=16 (full 3):
 PSYoungGen      total 277504K, used 11102K [0x00000000eab00000, 0x0000000100000000, 0x0000000100000000)
  eden space 261632K, 0% used [0x00000000eab00000,0x00000000eab00000,0x00000000faa80000)
  from space 15872K, 69% used [0x00000000faa80000,0x00000000fb557bb8,0x00000000fba00000)
  to   space 15872K, 0% used [0x00000000ff080000,0x00000000ff080000,0x0000000100000000)
 ParOldGen       total 192000K, used 53213K [0x00000000c0000000, 0x00000000cbb80000, 0x00000000eab00000)
  object space 192000K, 27% used [0x00000000c0000000,0x00000000c33f7748,0x00000000cbb80000)
 Metaspace       used 77748K, capacity 78410K, committed 78592K, reserved 1116160K
  class space    used 11502K, capacity 11666K, committed 11776K, reserved 1048576K
}
Event: 14.748 GC heap before
{Heap before GC invocations=17 (full 3):
 PSYoungGen      total 277504K, used 272734K [0x00000000eab00000, 0x0000000100000000, 0x0000000100000000)
  eden space 261632K, 100% used [0x00000000eab00000,0x00000000faa80000,0x00000000faa80000)
  from space 15872K, 69% used [0x00000000faa80000,0x00000000fb557bb8,0x00000000fba00000)
  to   space 15872K, 0% used [0x00000000ff080000,0x00000000ff080000,0x0000000100000000)
 ParOldGen       total 192000K, used 53213K [0x00000000c0000000, 0x00000000cbb80000, 0x00000000eab00000)
  object space 192000K, 27% used [0x00000000c0000000,0x00000000c33f7748,0x00000000cbb80000)
 Metaspace       used 78427K, capacity 79206K, committed 79360K, reserved 1116160K
  class space    used 11529K, capacity 11730K, committed 11776K, reserved 1048576K
Event: 14.760 GC heap after
Heap after GC invocations=17 (full 3):
 PSYoungGen      total 333312K, used 10323K [0x00000000eab00000, 0x0000000100000000, 0x0000000100000000)
  eden space 317440K, 0% used [0x00000000eab00000,0x00000000eab00000,0x00000000fe100000)
  from space 15872K, 65% used [0x00000000ff080000,0x00000000ffa94d10,0x0000000100000000)
  to   space 15872K, 0% used [0x00000000fe100000,0x00000000fe100000,0x00000000ff080000)
 ParOldGen       total 192000K, used 53221K [0x00000000c0000000, 0x00000000cbb80000, 0x00000000eab00000)
  object space 192000K, 27% used [0x00000000c0000000,0x00000000c33f9748,0x00000000cbb80000)
 Metaspace       used 78427K, capacity 79206K, committed 79360K, reserved 1116160K
  class space    used 11529K, capacity 11730K, committed 11776K, reserved 1048576K
}
Event: 15.982 GC heap before
{Heap before GC invocations=18 (full 3):
 PSYoungGen      total 333312K, used 327763K [0x00000000eab00000, 0x0000000100000000, 0x0000000100000000)
  eden space 317440K, 100% used [0x00000000eab00000,0x00000000fe100000,0x00000000fe100000)
  from space 15872K, 65% used [0x00000000ff080000,0x00000000ffa94d10,0x0000000100000000)
  to   space 15872K, 0% used [0x00000000fe100000,0x00000000fe100000,0x00000000ff080000)
 ParOldGen       total 192000K, used 53221K [0x00000000c0000000, 0x00000000cbb80000, 0x00000000eab00000)
  object space 192000K, 27% used [0x00000000c0000000,0x00000000c33f9748,0x00000000cbb80000)
 Metaspace       used 85282K, capacity 86208K, committed 86400K, reserved 1122304K
  class space    used 12446K, capacity 12668K, committed 12672K, reserved 1048576K
Event: 15.994 GC heap after
Heap after GC invocations=18 (full 3):
 PSYoungGen      total 333312K, used 15856K [0x00000000eab00000, 0x0000000100000000, 0x0000000100000000)
  eden space 317440K, 0% used [0x00000000eab00000,0x00000000eab00000,0x00000000fe100000)
  from space 15872K, 99% used [0x00000000fe100000,0x00000000ff07c2b8,0x00000000ff080000)
  to   space 15872K, 0% used [0x00000000ff080000,0x00000000ff080000,0x0000000100000000)
 ParOldGen       total 192000K, used 54195K [0x00000000c0000000, 0x00000000cbb80000, 0x00000000eab00000)
  object space 192000K, 28% used [0x00000000c0000000,0x00000000c34ece50,0x00000000cbb80000)
 Metaspace       used 85282K, capacity 86208K, committed 86400K, reserved 1122304K
  class space    used 12446K, capacity 12668K, committed 12672K, reserved 1048576K
}
Event: 51.952 GC heap before
{Heap before GC invocations=19 (full 3):
 PSYoungGen      total 333312K, used 332770K [0x00000000eab00000, 0x0000000100000000, 0x0000000100000000)
  eden space 317440K, 99% used [0x00000000eab00000,0x00000000fe07c740,0x00000000fe100000)
  from space 15872K, 99% used [0x00000000fe100000,0x00000000ff07c2b8,0x00000000ff080000)
  to   space 15872K, 0% used [0x00000000ff080000,0x00000000ff080000,0x0000000100000000)
 ParOldGen       total 192000K, used 54195K [0x00000000c0000000, 0x00000000cbb80000, 0x00000000eab00000)
  object space 192000K, 28% used [0x00000000c0000000,0x00000000c34ece50,0x00000000cbb80000)
 Metaspace       used 87526K, capacity 88750K, committed 88832K, reserved 1124352K
  class space    used 12743K, capacity 13032K, committed 13056K, reserved 1048576K
Event: 51.961 GC heap after
Heap after GC invocations=19 (full 3):
 PSYoungGen      total 329216K, used 11888K [0x00000000eab00000, 0x0000000100000000, 0x0000000100000000)
  eden space 313344K, 0% used [0x00000000eab00000,0x00000000eab00000,0x00000000fdd00000)
  from space 15872K, 74% used [0x00000000ff080000,0x00000000ffc1c040,0x0000000100000000)
  to   space 17920K, 0% used [0x00000000fdd00000,0x00000000fdd00000,0x00000000fee80000)
 ParOldGen       total 192000K, used 58170K [0x00000000c0000000, 0x00000000cbb80000, 0x00000000eab00000)
  object space 192000K, 30% used [0x00000000c0000000,0x00000000c38ce990,0x00000000cbb80000)
 Metaspace       used 87526K, capacity 88750K, committed 88832K, reserved 1124352K
  class space    used 12743K, capacity 13032K, committed 13056K, reserved 1048576K
}

