# JRE version: Java(TM) SE Runtime Environment (8.0_221-b11) (build 1.8.0_221-b11)
# Java VM: Java HotSpot(TM) 64-Bit Server VM (25.221-b11 mixed mode windows-amd64 compressed oops)
Heap:
 PSYoungGen      total 172544K, used 105354K [0x00000000eab00000, 0x00000000f5d80000, 0x0000000100000000)
  eden space 165888K, 61% used [0x00000000eab00000,0x00000000f0e2a858,0x00000000f4d00000)
  from space 6656K, 57% used [0x00000000f5380000,0x00000000f5738250,0x00000000f5a00000)
  to   space 6656K, 0% used [0x00000000f4d00000,0x00000000f4d00000,0x00000000f5380000)
 ParOldGen       total 123904K, used 58686K [0x00000000c0000000, 0x00000000c7900000, 0x00000000eab00000)
  object space 123904K, 47% used [0x00000000c0000000,0x00000000c394f948,0x00000000c7900000)
 Metaspace       used 91202K, capacity 92606K, committed 92824K, reserved 1128448K
  class space    used 13117K, capacity 13414K, committed 13472K, reserved 1048576K
GC Heap History (10 events):
Event: 2016.473 GC heap before
{Heap before GC invocations=60 (full 4):
 PSYoungGen      total 159232K, used 4161K [0x00000000eab00000, 0x00000000f4d00000, 0x0000000100000000)
  eden space 152576K, 0% used [0x00000000eab00000,0x00000000eab00000,0x00000000f4000000)
  from space 6656K, 62% used [0x00000000f4680000,0x00000000f4a90708,0x00000000f4d00000)
  to   space 6656K, 0% used [0x00000000f4000000,0x00000000f4000000,0x00000000f4680000)
 ParOldGen       total 123904K, used 58547K [0x00000000c0000000, 0x00000000c7900000, 0x00000000eab00000)
  object space 123904K, 47% used [0x00000000c0000000,0x00000000c392cf10,0x00000000c7900000)
 Metaspace       used 84672K, capacity 85694K, committed 85912K, reserved 1122304K
  class space    used 12200K, capacity 12439K, committed 12448K, reserved 1048576K
Event: 2016.613 GC heap after
Heap after GC invocations=60 (full 4):
 PSYoungGen      total 159232K, used 0K [0x00000000eab00000, 0x00000000f4d00000, 0x0000000100000000)
  eden space 152576K, 0% used [0x00000000eab00000,0x00000000eab00000,0x00000000f4000000)
  from space 6656K, 0% used [0x00000000f4680000,0x00000000f4680000,0x00000000f4d00000)
  to   space 6656K, 0% used [0x00000000f4000000,0x00000000f4000000,0x00000000f4680000)
 ParOldGen       total 123904K, used 58654K [0x00000000c0000000, 0x00000000c7900000, 0x00000000eab00000)
  object space 123904K, 47% used [0x00000000c0000000,0x00000000c3947948,0x00000000c7900000)
 Metaspace       used 84489K, capacity 85400K, committed 85912K, reserved 1122304K
  class space    used 12171K, capacity 12386K, committed 12448K, reserved 1048576K
}
Event: 2336.199 GC heap before
{Heap before GC invocations=61 (full 4):
 PSYoungGen      total 159232K, used 152576K [0x00000000eab00000, 0x00000000f4d00000, 0x0000000100000000)
  eden space 152576K, 100% used [0x00000000eab00000,0x00000000f4000000,0x00000000f4000000)
  from space 6656K, 0% used [0x00000000f4680000,0x00000000f4680000,0x00000000f4d00000)
  to   space 6656K, 0% used [0x00000000f4000000,0x00000000f4000000,0x00000000f4680000)
 ParOldGen       total 123904K, used 58654K [0x00000000c0000000, 0x00000000c7900000, 0x00000000eab00000)
  object space 123904K, 47% used [0x00000000c0000000,0x00000000c3947948,0x00000000c7900000)
 Metaspace       used 85015K, capacity 85930K, committed 86296K, reserved 1122304K
  class space    used 12243K, capacity 12453K, committed 12576K, reserved 1048576K
Event: 2336.202 GC heap after
Heap after GC invocations=61 (full 4):
 PSYoungGen      total 159232K, used 1754K [0x00000000eab00000, 0x00000000f5280000, 0x0000000100000000)
  eden space 152576K, 0% used [0x00000000eab00000,0x00000000eab00000,0x00000000f4000000)
  from space 6656K, 26% used [0x00000000f4000000,0x00000000f41b6958,0x00000000f4680000)
  to   space 6656K, 0% used [0x00000000f4c00000,0x00000000f4c00000,0x00000000f5280000)
 ParOldGen       total 123904K, used 58662K [0x00000000c0000000, 0x00000000c7900000, 0x00000000eab00000)
  object space 123904K, 47% used [0x00000000c0000000,0x00000000c3949948,0x00000000c7900000)
 Metaspace       used 85015K, capacity 85930K, committed 86296K, reserved 1122304K
  class space    used 12243K, capacity 12453K, committed 12576K, reserved 1048576K
}
Event: 2336.655 GC heap before
{Heap before GC invocations=62 (full 4):
 PSYoungGen      total 159232K, used 154330K [0x00000000eab00000, 0x00000000f5280000, 0x0000000100000000)
  eden space 152576K, 100% used [0x00000000eab00000,0x00000000f4000000,0x00000000f4000000)
  from space 6656K, 26% used [0x00000000f4000000,0x00000000f41b6958,0x00000000f4680000)
  to   space 6656K, 0% used [0x00000000f4c00000,0x00000000f4c00000,0x00000000f5280000)
 ParOldGen       total 123904K, used 58662K [0x00000000c0000000, 0x00000000c7900000, 0x00000000eab00000)
  object space 123904K, 47% used [0x00000000c0000000,0x00000000c3949948,0x00000000c7900000)
 Metaspace       used 88500K, capacity 89594K, committed 89752K, reserved 1126400K
  class space    used 12707K, capacity 12954K, committed 12960K, reserved 1048576K
Event: 2336.660 GC heap after
Heap after GC invocations=62 (full 4):
 PSYoungGen      total 164864K, used 4615K [0x00000000eab00000, 0x00000000f5600000, 0x0000000100000000)
  eden space 158208K, 0% used [0x00000000eab00000,0x00000000eab00000,0x00000000f4580000)
  from space 6656K, 69% used [0x00000000f4c00000,0x00000000f5081da8,0x00000000f5280000)
  to   space 6656K, 0% used [0x00000000f4580000,0x00000000f4580000,0x00000000f4c00000)
 ParOldGen       total 123904K, used 58670K [0x00000000c0000000, 0x00000000c7900000, 0x00000000eab00000)
  object space 123904K, 47% used [0x00000000c0000000,0x00000000c394b948,0x00000000c7900000)
 Metaspace       used 88500K, capacity 89594K, committed 89752K, reserved 1126400K
  class space    used 12707K, capacity 12954K, committed 12960K, reserved 1048576K
}
Event: 2652.068 GC heap before
{Heap before GC invocations=63 (full 4):
 PSYoungGen      total 164864K, used 162823K [0x00000000eab00000, 0x00000000f5600000, 0x0000000100000000)
  eden space 158208K, 100% used [0x00000000eab00000,0x00000000f4580000,0x00000000f4580000)
  from space 6656K, 69% used [0x00000000f4c00000,0x00000000f5081da8,0x00000000f5280000)
  to   space 6656K, 0% used [0x00000000f4580000,0x00000000f4580000,0x00000000f4c00000)
 ParOldGen       total 123904K, used 58670K [0x00000000c0000000, 0x00000000c7900000, 0x00000000eab00000)
  object space 123904K, 47% used [0x00000000c0000000,0x00000000c394b948,0x00000000c7900000)
 Metaspace       used 89907K, capacity 91028K, committed 91288K, reserved 1128448K
  class space    used 12934K, capacity 13202K, committed 13216K, reserved 1048576K
Event: 2652.072 GC heap after
Heap after GC invocations=63 (full 4):
 PSYoungGen      total 164864K, used 3794K [0x00000000eab00000, 0x00000000f5a00000, 0x0000000100000000)
  eden space 158208K, 0% used [0x00000000eab00000,0x00000000eab00000,0x00000000f4580000)
  from space 6656K, 57% used [0x00000000f4580000,0x00000000f4934980,0x00000000f4c00000)
  to   space 6656K, 0% used [0x00000000f5380000,0x00000000f5380000,0x00000000f5a00000)
 ParOldGen       total 123904K, used 58678K [0x00000000c0000000, 0x00000000c7900000, 0x00000000eab00000)
  object space 123904K, 47% used [0x00000000c0000000,0x00000000c394d948,0x00000000c7900000)
 Metaspace       used 89907K, capacity 91028K, committed 91288K, reserved 1128448K
  class space    used 12934K, capacity 13202K, committed 13216K, reserved 1048576K
}
Event: 2652.341 GC heap before
{Heap before GC invocations=64 (full 4):
 PSYoungGen      total 164864K, used 162002K [0x00000000eab00000, 0x00000000f5a00000, 0x0000000100000000)
  eden space 158208K, 100% used [0x00000000eab00000,0x00000000f4580000,0x00000000f4580000)
  from space 6656K, 57% used [0x00000000f4580000,0x00000000f4934980,0x00000000f4c00000)
  to   space 6656K, 0% used [0x00000000f5380000,0x00000000f5380000,0x00000000f5a00000)
 ParOldGen       total 123904K, used 58678K [0x00000000c0000000, 0x00000000c7900000, 0x00000000eab00000)
  object space 123904K, 47% used [0x00000000c0000000,0x00000000c394d948,0x00000000c7900000)
 Metaspace       used 90400K, capacity 91610K, committed 91928K, reserved 1128448K
  class space    used 12991K, capacity 13275K, committed 13344K, reserved 1048576K
Event: 2652.345 GC heap after
Heap after GC invocations=64 (full 4):
 PSYoungGen      total 172544K, used 3808K [0x00000000eab00000, 0x00000000f5d80000, 0x0000000100000000)
  eden space 165888K, 0% used [0x00000000eab00000,0x00000000eab00000,0x00000000f4d00000)
  from space 6656K, 57% used [0x00000000f5380000,0x00000000f5738250,0x00000000f5a00000)
  to   space 6656K, 0% used [0x00000000f4d00000,0x00000000f4d00000,0x00000000f5380000)
 ParOldGen       total 123904K, used 58686K [0x00000000c0000000, 0x00000000c7900000, 0x00000000eab00000)
  object space 123904K, 47% used [0x00000000c0000000,0x00000000c394f948,0x00000000c7900000)
 Metaspace       used 90400K, capacity 91610K, committed 91928K, reserved 1128448K
  class space    used 12991K, capacity 13275K, committed 13344K, reserved 1048576K
}

