# JRE version: Java(TM) SE Runtime Environment (8.0_221-b11) (build 1.8.0_221-b11)
# Java VM: Java HotSpot(TM) 64-Bit Server VM (25.221-b11 mixed mode windows-amd64 compressed oops)
Heap:
 PSYoungGen      total 332800K, used 254322K [0x00000000eab00000, 0x0000000100000000, 0x0000000100000000)
  eden space 316416K, 75% used [0x00000000eab00000,0x00000000f936b6a8,0x00000000fe000000)
  from space 16384K, 99% used [0x00000000fe000000,0x00000000feff1380,0x00000000ff000000)
  to   space 16384K, 0% used [0x00000000ff000000,0x00000000ff000000,0x0000000100000000)
 ParOldGen       total 187904K, used 53183K [0x00000000c0000000, 0x00000000cb780000, 0x00000000eab00000)
  object space 187904K, 28% used [0x00000000c0000000,0x00000000c33efdb0,0x00000000cb780000)
 Metaspace       used 87256K, capacity 88476K, committed 88576K, reserved 1124352K
  class space    used 12709K, capacity 12965K, committed 13056K, reserved 1048576K
GC Heap History (10 events):
Event: 10.611 GC heap before
{Heap before GC invocations=14 (full 3):
 PSYoungGen      total 238080K, used 225280K [0x00000000eab00000, 0x00000000fc600000, 0x0000000100000000)
  eden space 225280K, 100% used [0x00000000eab00000,0x00000000f8700000,0x00000000f8700000)
  from space 12800K, 0% used [0x00000000f9480000,0x00000000f9480000,0x00000000fa100000)
  to   space 13824K, 0% used [0x00000000f8700000,0x00000000f8700000,0x00000000f9480000)
 ParOldGen       total 187904K, used 20375K [0x00000000c0000000, 0x00000000cb780000, 0x00000000eab00000)
  object space 187904K, 10% used [0x00000000c0000000,0x00000000c13e5d90,0x00000000cb780000)
 Metaspace       used 68759K, capacity 68972K, committed 69632K, reserved 1107968K
  class space    used 10079K, capacity 10177K, committed 10240K, reserved 1048576K
Event: 10.620 GC heap after
Heap after GC invocations=14 (full 3):
 PSYoungGen      total 239104K, used 13099K [0x00000000eab00000, 0x00000000fd800000, 0x0000000100000000)
  eden space 225280K, 0% used [0x00000000eab00000,0x00000000eab00000,0x00000000f8700000)
  from space 13824K, 94% used [0x00000000f8700000,0x00000000f93cacd8,0x00000000f9480000)
  to   space 14848K, 0% used [0x00000000fc980000,0x00000000fc980000,0x00000000fd800000)
 ParOldGen       total 187904K, used 20383K [0x00000000c0000000, 0x00000000cb780000, 0x00000000eab00000)
  object space 187904K, 10% used [0x00000000c0000000,0x00000000c13e7d90,0x00000000cb780000)
 Metaspace       used 68759K, capacity 68972K, committed 69632K, reserved 1107968K
  class space    used 10079K, capacity 10177K, committed 10240K, reserved 1048576K
}
Event: 13.112 GC heap before
{Heap before GC invocations=15 (full 3):
 PSYoungGen      total 239104K, used 238379K [0x00000000eab00000, 0x00000000fd800000, 0x0000000100000000)
  eden space 225280K, 100% used [0x00000000eab00000,0x00000000f8700000,0x00000000f8700000)
  from space 13824K, 94% used [0x00000000f8700000,0x00000000f93cacd8,0x00000000f9480000)
  to   space 14848K, 0% used [0x00000000fc980000,0x00000000fc980000,0x00000000fd800000)
 ParOldGen       total 187904K, used 20383K [0x00000000c0000000, 0x00000000cb780000, 0x00000000eab00000)
  object space 187904K, 10% used [0x00000000c0000000,0x00000000c13e7d90,0x00000000cb780000)
 Metaspace       used 75440K, capacity 75972K, committed 76160K, reserved 1114112K
  class space    used 11161K, capacity 11327K, committed 11392K, reserved 1048576K
Event: 13.127 GC heap after
Heap after GC invocations=15 (full 3):
 PSYoungGen      total 288256K, used 12477K [0x00000000eab00000, 0x00000000fd680000, 0x0000000100000000)
  eden space 274944K, 0% used [0x00000000eab00000,0x00000000eab00000,0x00000000fb780000)
  from space 13312K, 93% used [0x00000000fc980000,0x00000000fd5af598,0x00000000fd680000)
  to   space 15872K, 0% used [0x00000000fb780000,0x00000000fb780000,0x00000000fc700000)
 ParOldGen       total 187904K, used 53159K [0x00000000c0000000, 0x00000000cb780000, 0x00000000eab00000)
  object space 187904K, 28% used [0x00000000c0000000,0x00000000c33e9db0,0x00000000cb780000)
 Metaspace       used 75440K, capacity 75972K, committed 76160K, reserved 1114112K
  class space    used 11161K, capacity 11327K, committed 11392K, reserved 1048576K
}
Event: 13.826 GC heap before
{Heap before GC invocations=16 (full 3):
 PSYoungGen      total 288256K, used 287421K [0x00000000eab00000, 0x00000000fd680000, 0x0000000100000000)
  eden space 274944K, 100% used [0x00000000eab00000,0x00000000fb780000,0x00000000fb780000)
  from space 13312K, 93% used [0x00000000fc980000,0x00000000fd5af598,0x00000000fd680000)
  to   space 15872K, 0% used [0x00000000fb780000,0x00000000fb780000,0x00000000fc700000)
 ParOldGen       total 187904K, used 53159K [0x00000000c0000000, 0x00000000cb780000, 0x00000000eab00000)
  object space 187904K, 28% used [0x00000000c0000000,0x00000000c33e9db0,0x00000000cb780000)
 Metaspace       used 77832K, capacity 78500K, committed 78848K, reserved 1116160K
  class space    used 11505K, capacity 11671K, committed 11776K, reserved 1048576K
Event: 13.834 GC heap after
Heap after GC invocations=16 (full 3):
 PSYoungGen      total 290816K, used 11244K [0x00000000eab00000, 0x0000000100000000, 0x0000000100000000)
  eden space 274944K, 0% used [0x00000000eab00000,0x00000000eab00000,0x00000000fb780000)
  from space 15872K, 70% used [0x00000000fb780000,0x00000000fc27b2b0,0x00000000fc700000)
  to   space 16384K, 0% used [0x00000000ff000000,0x00000000ff000000,0x0000000100000000)
 ParOldGen       total 187904K, used 53167K [0x00000000c0000000, 0x00000000cb780000, 0x00000000eab00000)
  object space 187904K, 28% used [0x00000000c0000000,0x00000000c33ebdb0,0x00000000cb780000)
 Metaspace       used 77832K, capacity 78500K, committed 78848K, reserved 1116160K
  class space    used 11505K, capacity 11671K, committed 11776K, reserved 1048576K
}
Event: 14.406 GC heap before
{Heap before GC invocations=17 (full 3):
 PSYoungGen      total 290816K, used 286188K [0x00000000eab00000, 0x0000000100000000, 0x0000000100000000)
  eden space 274944K, 100% used [0x00000000eab00000,0x00000000fb780000,0x00000000fb780000)
  from space 15872K, 70% used [0x00000000fb780000,0x00000000fc27b2b0,0x00000000fc700000)
  to   space 16384K, 0% used [0x00000000ff000000,0x00000000ff000000,0x0000000100000000)
 ParOldGen       total 187904K, used 53167K [0x00000000c0000000, 0x00000000cb780000, 0x00000000eab00000)
  object space 187904K, 28% used [0x00000000c0000000,0x00000000c33ebdb0,0x00000000cb780000)
 Metaspace       used 79701K, capacity 80472K, committed 80512K, reserved 1118208K
  class space    used 11694K, capacity 11893K, committed 11904K, reserved 1048576K
Event: 14.416 GC heap after
Heap after GC invocations=17 (full 3):
 PSYoungGen      total 332800K, used 12122K [0x00000000eab00000, 0x0000000100000000, 0x0000000100000000)
  eden space 316416K, 0% used [0x00000000eab00000,0x00000000eab00000,0x00000000fe000000)
  from space 16384K, 73% used [0x00000000ff000000,0x00000000ffbd6b30,0x0000000100000000)
  to   space 16384K, 0% used [0x00000000fe000000,0x00000000fe000000,0x00000000ff000000)
 ParOldGen       total 187904K, used 53175K [0x00000000c0000000, 0x00000000cb780000, 0x00000000eab00000)
  object space 187904K, 28% used [0x00000000c0000000,0x00000000c33eddb0,0x00000000cb780000)
 Metaspace       used 79701K, capacity 80472K, committed 80512K, reserved 1118208K
  class space    used 11694K, capacity 11893K, committed 11904K, reserved 1048576K
}
Event: 15.461 GC heap before
{Heap before GC invocations=18 (full 3):
 PSYoungGen      total 332800K, used 328538K [0x00000000eab00000, 0x0000000100000000, 0x0000000100000000)
  eden space 316416K, 100% used [0x00000000eab00000,0x00000000fe000000,0x00000000fe000000)
  from space 16384K, 73% used [0x00000000ff000000,0x00000000ffbd6b30,0x0000000100000000)
  to   space 16384K, 0% used [0x00000000fe000000,0x00000000fe000000,0x00000000ff000000)
 ParOldGen       total 187904K, used 53175K [0x00000000c0000000, 0x00000000cb780000, 0x00000000eab00000)
  object space 187904K, 28% used [0x00000000c0000000,0x00000000c33eddb0,0x00000000cb780000)
 Metaspace       used 85657K, capacity 86656K, committed 86784K, reserved 1124352K
  class space    used 12505K, capacity 12744K, committed 12800K, reserved 1048576K
Event: 15.474 GC heap after
Heap after GC invocations=18 (full 3):
 PSYoungGen      total 332800K, used 16324K [0x00000000eab00000, 0x0000000100000000, 0x0000000100000000)
  eden space 316416K, 0% used [0x00000000eab00000,0x00000000eab00000,0x00000000fe000000)
  from space 16384K, 99% used [0x00000000fe000000,0x00000000feff1380,0x00000000ff000000)
  to   space 16384K, 0% used [0x00000000ff000000,0x00000000ff000000,0x0000000100000000)
 ParOldGen       total 187904K, used 53183K [0x00000000c0000000, 0x00000000cb780000, 0x00000000eab00000)
  object space 187904K, 28% used [0x00000000c0000000,0x00000000c33efdb0,0x00000000cb780000)
 Metaspace       used 85657K, capacity 86656K, committed 86784K, reserved 1124352K
  class space    used 12505K, capacity 12744K, committed 12800K, reserved 1048576K
}

