# JRE version: Java(TM) SE Runtime Environment (8.0_221-b11) (build 1.8.0_221-b11)
# Java VM: Java HotSpot(TM) 64-Bit Server VM (25.221-b11 mixed mode windows-amd64 compressed oops)
Heap:
 PSYoungGen      total 328192K, used 322131K [0x00000000eab00000, 0x0000000100000000, 0x0000000100000000)
  eden space 312320K, 98% used [0x00000000eab00000,0x00000000fd619460,0x00000000fdc00000)
  from space 15872K, 99% used [0x00000000fdc00000,0x00000000feb7b9c8,0x00000000feb80000)
  to   space 17920K, 0% used [0x00000000fee80000,0x00000000fee80000,0x0000000100000000)
 ParOldGen       total 198144K, used 53975K [0x00000000c0000000, 0x00000000cc180000, 0x00000000eab00000)
  object space 198144K, 27% used [0x00000000c0000000,0x00000000c34b5f28,0x00000000cc180000)
 Metaspace       used 87359K, capacity 88608K, committed 88832K, reserved 1124352K
  class space    used 12707K, capacity 12965K, committed 13056K, reserved 1048576K
GC Heap History (10 events):
Event: 10.827 GC heap before
{Heap before GC invocations=14 (full 3):
 PSYoungGen      total 225280K, used 212480K [0x00000000eab00000, 0x00000000fb980000, 0x0000000100000000)
  eden space 212480K, 100% used [0x00000000eab00000,0x00000000f7a80000,0x00000000f7a80000)
  from space 12800K, 0% used [0x00000000f8800000,0x00000000f8800000,0x00000000f9480000)
  to   space 13824K, 0% used [0x00000000f7a80000,0x00000000f7a80000,0x00000000f8800000)
 ParOldGen       total 198144K, used 20618K [0x00000000c0000000, 0x00000000cc180000, 0x00000000eab00000)
  object space 198144K, 10% used [0x00000000c0000000,0x00000000c1422830,0x00000000cc180000)
 Metaspace       used 68291K, capacity 68556K, committed 68992K, reserved 1107968K
  class space    used 10005K, capacity 10081K, committed 10112K, reserved 1048576K
Event: 10.836 GC heap after
Heap after GC invocations=14 (full 3):
 PSYoungGen      total 226304K, used 12612K [0x00000000eab00000, 0x00000000fc580000, 0x0000000100000000)
  eden space 212480K, 0% used [0x00000000eab00000,0x00000000eab00000,0x00000000f7a80000)
  from space 13824K, 91% used [0x00000000f7a80000,0x00000000f86d1328,0x00000000f8800000)
  to   space 14848K, 0% used [0x00000000fb700000,0x00000000fb700000,0x00000000fc580000)
 ParOldGen       total 198144K, used 20626K [0x00000000c0000000, 0x00000000cc180000, 0x00000000eab00000)
  object space 198144K, 10% used [0x00000000c0000000,0x00000000c1424830,0x00000000cc180000)
 Metaspace       used 68291K, capacity 68556K, committed 68992K, reserved 1107968K
  class space    used 10005K, capacity 10081K, committed 10112K, reserved 1048576K
}
Event: 13.294 GC heap before
{Heap before GC invocations=15 (full 3):
 PSYoungGen      total 226304K, used 225092K [0x00000000eab00000, 0x00000000fc580000, 0x0000000100000000)
  eden space 212480K, 100% used [0x00000000eab00000,0x00000000f7a80000,0x00000000f7a80000)
  from space 13824K, 91% used [0x00000000f7a80000,0x00000000f86d1328,0x00000000f8800000)
  to   space 14848K, 0% used [0x00000000fb700000,0x00000000fb700000,0x00000000fc580000)
 ParOldGen       total 198144K, used 20626K [0x00000000c0000000, 0x00000000cc180000, 0x00000000eab00000)
  object space 198144K, 10% used [0x00000000c0000000,0x00000000c1424830,0x00000000cc180000)
 Metaspace       used 75117K, capacity 75620K, committed 75776K, reserved 1114112K
  class space    used 11089K, capacity 11231K, committed 11264K, reserved 1048576K
Event: 13.306 GC heap after
Heap after GC invocations=15 (full 3):
 PSYoungGen      total 268288K, used 12524K [0x00000000eab00000, 0x00000000fc380000, 0x0000000100000000)
  eden space 255488K, 0% used [0x00000000eab00000,0x00000000eab00000,0x00000000fa480000)
  from space 12800K, 97% used [0x00000000fb700000,0x00000000fc33b060,0x00000000fc380000)
  to   space 15872K, 0% used [0x00000000fa480000,0x00000000fa480000,0x00000000fb400000)
 ParOldGen       total 198144K, used 53402K [0x00000000c0000000, 0x00000000cc180000, 0x00000000eab00000)
  object space 198144K, 26% used [0x00000000c0000000,0x00000000c3426850,0x00000000cc180000)
 Metaspace       used 75117K, capacity 75620K, committed 75776K, reserved 1114112K
  class space    used 11089K, capacity 11231K, committed 11264K, reserved 1048576K
}
Event: 13.934 GC heap before
{Heap before GC invocations=16 (full 3):
 PSYoungGen      total 268288K, used 268012K [0x00000000eab00000, 0x00000000fc380000, 0x0000000100000000)
  eden space 255488K, 100% used [0x00000000eab00000,0x00000000fa480000,0x00000000fa480000)
  from space 12800K, 97% used [0x00000000fb700000,0x00000000fc33b060,0x00000000fc380000)
  to   space 15872K, 0% used [0x00000000fa480000,0x00000000fa480000,0x00000000fb400000)
 ParOldGen       total 198144K, used 53402K [0x00000000c0000000, 0x00000000cc180000, 0x00000000eab00000)
  object space 198144K, 26% used [0x00000000c0000000,0x00000000c3426850,0x00000000cc180000)
 Metaspace       used 77692K, capacity 78346K, committed 78592K, reserved 1116160K
  class space    used 11501K, capacity 11666K, committed 11776K, reserved 1048576K
Event: 13.943 GC heap after
Heap after GC invocations=16 (full 3):
 PSYoungGen      total 271360K, used 11121K [0x00000000eab00000, 0x00000000ffb00000, 0x0000000100000000)
  eden space 255488K, 0% used [0x00000000eab00000,0x00000000eab00000,0x00000000fa480000)
  from space 15872K, 70% used [0x00000000fa480000,0x00000000faf5c6b0,0x00000000fb400000)
  to   space 15872K, 0% used [0x00000000feb80000,0x00000000feb80000,0x00000000ffb00000)
 ParOldGen       total 198144K, used 53410K [0x00000000c0000000, 0x00000000cc180000, 0x00000000eab00000)
  object space 198144K, 26% used [0x00000000c0000000,0x00000000c3428850,0x00000000cc180000)
 Metaspace       used 77692K, capacity 78346K, committed 78592K, reserved 1116160K
  class space    used 11501K, capacity 11666K, committed 11776K, reserved 1048576K
}
Event: 14.455 GC heap before
{Heap before GC invocations=17 (full 3):
 PSYoungGen      total 271360K, used 263131K [0x00000000eab00000, 0x00000000ffb00000, 0x0000000100000000)
  eden space 255488K, 98% used [0x00000000eab00000,0x00000000fa11a780,0x00000000fa480000)
  from space 15872K, 70% used [0x00000000fa480000,0x00000000faf5c6b0,0x00000000fb400000)
  to   space 15872K, 0% used [0x00000000feb80000,0x00000000feb80000,0x00000000ffb00000)
 ParOldGen       total 198144K, used 53410K [0x00000000c0000000, 0x00000000cc180000, 0x00000000eab00000)
  object space 198144K, 26% used [0x00000000c0000000,0x00000000c3428850,0x00000000cc180000)
 Metaspace       used 78349K, capacity 79110K, committed 79360K, reserved 1116160K
  class space    used 11528K, capacity 11698K, committed 11776K, reserved 1048576K
Event: 14.467 GC heap after
Heap after GC invocations=17 (full 3):
 PSYoungGen      total 328192K, used 10379K [0x00000000eab00000, 0x0000000100000000, 0x0000000100000000)
  eden space 312320K, 0% used [0x00000000eab00000,0x00000000eab00000,0x00000000fdc00000)
  from space 15872K, 65% used [0x00000000feb80000,0x00000000ff5a2f48,0x00000000ffb00000)
  to   space 15872K, 0% used [0x00000000fdc00000,0x00000000fdc00000,0x00000000feb80000)
 ParOldGen       total 198144K, used 53418K [0x00000000c0000000, 0x00000000cc180000, 0x00000000eab00000)
  object space 198144K, 26% used [0x00000000c0000000,0x00000000c342a850,0x00000000cc180000)
 Metaspace       used 78349K, capacity 79110K, committed 79360K, reserved 1116160K
  class space    used 11528K, capacity 11698K, committed 11776K, reserved 1048576K
}
Event: 15.561 GC heap before
{Heap before GC invocations=18 (full 3):
 PSYoungGen      total 328192K, used 322699K [0x00000000eab00000, 0x0000000100000000, 0x0000000100000000)
  eden space 312320K, 100% used [0x00000000eab00000,0x00000000fdc00000,0x00000000fdc00000)
  from space 15872K, 65% used [0x00000000feb80000,0x00000000ff5a2f48,0x00000000ffb00000)
  to   space 15872K, 0% used [0x00000000fdc00000,0x00000000fdc00000,0x00000000feb80000)
 ParOldGen       total 198144K, used 53418K [0x00000000c0000000, 0x00000000cc180000, 0x00000000eab00000)
  object space 198144K, 26% used [0x00000000c0000000,0x00000000c342a850,0x00000000cc180000)
 Metaspace       used 84695K, capacity 85528K, committed 85632K, reserved 1122304K
  class space    used 12373K, capacity 12568K, committed 12672K, reserved 1048576K
Event: 15.572 GC heap after
Heap after GC invocations=18 (full 3):
 PSYoungGen      total 328192K, used 15854K [0x00000000eab00000, 0x0000000100000000, 0x0000000100000000)
  eden space 312320K, 0% used [0x00000000eab00000,0x00000000eab00000,0x00000000fdc00000)
  from space 15872K, 99% used [0x00000000fdc00000,0x00000000feb7b9c8,0x00000000feb80000)
  to   space 17920K, 0% used [0x00000000fee80000,0x00000000fee80000,0x0000000100000000)
 ParOldGen       total 198144K, used 53975K [0x00000000c0000000, 0x00000000cc180000, 0x00000000eab00000)
  object space 198144K, 27% used [0x00000000c0000000,0x00000000c34b5f28,0x00000000cc180000)
 Metaspace       used 84695K, capacity 85528K, committed 85632K, reserved 1122304K
  class space    used 12373K, capacity 12568K, committed 12672K, reserved 1048576K
}

