# JRE version: Java(TM) SE Runtime Environment (8.0_221-b11) (build 1.8.0_221-b11)
# Java VM: Java HotSpot(TM) 64-Bit Server VM (25.221-b11 mixed mode windows-amd64 compressed oops)
Heap:
 PSYoungGen      total 305664K, used 303313K [0x00000000eab00000, 0x00000000ff700000, 0x0000000100000000)
  eden space 291328K, 99% used [0x00000000eab00000,0x00000000fc537da0,0x00000000fc780000)
  from space 14336K, 99% used [0x00000000fe900000,0x00000000ff6fc948,0x00000000ff700000)
  to   space 19968K, 0% used [0x00000000fd000000,0x00000000fd000000,0x00000000fe380000)
 ParOldGen       total 184832K, used 53551K [0x00000000c0000000, 0x00000000cb480000, 0x00000000eab00000)
  object space 184832K, 28% used [0x00000000c0000000,0x00000000c344bf10,0x00000000cb480000)
 Metaspace       used 88704K, capacity 89988K, committed 90240K, reserved 1126400K
  class space    used 12777K, capacity 13067K, committed 13184K, reserved 1048576K
GC Heap History (10 events):
Event: 25.511 GC heap before
{Heap before GC invocations=17 (full 3):
 PSYoungGen      total 290816K, used 286672K [0x00000000eab00000, 0x0000000100000000, 0x0000000100000000)
  eden space 274944K, 100% used [0x00000000eab00000,0x00000000fb780000,0x00000000fb780000)
  from space 15872K, 73% used [0x00000000fb780000,0x00000000fc2f40f8,0x00000000fc700000)
  to   space 16384K, 0% used [0x00000000ff000000,0x00000000ff000000,0x0000000100000000)
 ParOldGen       total 184832K, used 53037K [0x00000000c0000000, 0x00000000cb480000, 0x00000000eab00000)
  object space 184832K, 28% used [0x00000000c0000000,0x00000000c33cb728,0x00000000cb480000)
 Metaspace       used 79340K, capacity 80088K, committed 80256K, reserved 1118208K
  class space    used 11655K, capacity 11829K, committed 11904K, reserved 1048576K
Event: 25.519 GC heap after
Heap after GC invocations=17 (full 3):
 PSYoungGen      total 332800K, used 11626K [0x00000000eab00000, 0x0000000100000000, 0x0000000100000000)
  eden space 316416K, 0% used [0x00000000eab00000,0x00000000eab00000,0x00000000fe000000)
  from space 16384K, 70% used [0x00000000ff000000,0x00000000ffb5ab48,0x0000000100000000)
  to   space 16384K, 0% used [0x00000000fe000000,0x00000000fe000000,0x00000000ff000000)
 ParOldGen       total 184832K, used 53045K [0x00000000c0000000, 0x00000000cb480000, 0x00000000eab00000)
  object space 184832K, 28% used [0x00000000c0000000,0x00000000c33cd728,0x00000000cb480000)
 Metaspace       used 79340K, capacity 80088K, committed 80256K, reserved 1118208K
  class space    used 11655K, capacity 11829K, committed 11904K, reserved 1048576K
}
Event: 104.638 GC heap before
{Heap before GC invocations=18 (full 3):
 PSYoungGen      total 332800K, used 327321K [0x00000000eab00000, 0x0000000100000000, 0x0000000100000000)
  eden space 316416K, 99% used [0x00000000eab00000,0x00000000fdf4bc40,0x00000000fe000000)
  from space 16384K, 70% used [0x00000000ff000000,0x00000000ffb5ab48,0x0000000100000000)
  to   space 16384K, 0% used [0x00000000fe000000,0x00000000fe000000,0x00000000ff000000)
 ParOldGen       total 184832K, used 53045K [0x00000000c0000000, 0x00000000cb480000, 0x00000000eab00000)
  object space 184832K, 28% used [0x00000000c0000000,0x00000000c33cd728,0x00000000cb480000)
 Metaspace       used 84788K, capacity 85662K, committed 85888K, reserved 1122304K
  class space    used 12367K, capacity 12569K, committed 12672K, reserved 1048576K
Event: 104.652 GC heap after
Heap after GC invocations=18 (full 3):
 PSYoungGen      total 332288K, used 15583K [0x00000000eab00000, 0x0000000100000000, 0x0000000100000000)
  eden space 316416K, 0% used [0x00000000eab00000,0x00000000eab00000,0x00000000fe000000)
  from space 15872K, 98% used [0x00000000fe000000,0x00000000fef37c90,0x00000000fef80000)
  to   space 16896K, 0% used [0x00000000fef80000,0x00000000fef80000,0x0000000100000000)
 ParOldGen       total 184832K, used 53053K [0x00000000c0000000, 0x00000000cb480000, 0x00000000eab00000)
  object space 184832K, 28% used [0x00000000c0000000,0x00000000c33cf728,0x00000000cb480000)
 Metaspace       used 84788K, capacity 85662K, committed 85888K, reserved 1122304K
  class space    used 12367K, capacity 12569K, committed 12672K, reserved 1048576K
}
Event: 106.194 GC heap before
{Heap before GC invocations=19 (full 3):
 PSYoungGen      total 332288K, used 331999K [0x00000000eab00000, 0x0000000100000000, 0x0000000100000000)
  eden space 316416K, 100% used [0x00000000eab00000,0x00000000fe000000,0x00000000fe000000)
  from space 15872K, 98% used [0x00000000fe000000,0x00000000fef37c90,0x00000000fef80000)
  to   space 16896K, 0% used [0x00000000fef80000,0x00000000fef80000,0x0000000100000000)
 ParOldGen       total 184832K, used 53053K [0x00000000c0000000, 0x00000000cb480000, 0x00000000eab00000)
  object space 184832K, 28% used [0x00000000c0000000,0x00000000c33cf728,0x00000000cb480000)
 Metaspace       used 85300K, capacity 86224K, committed 86400K, reserved 1122304K
  class space    used 12378K, capacity 12588K, committed 12672K, reserved 1048576K
Event: 106.203 GC heap after
Heap after GC invocations=19 (full 3):
 PSYoungGen      total 328192K, used 14132K [0x00000000eab00000, 0x0000000100000000, 0x0000000100000000)
  eden space 311296K, 0% used [0x00000000eab00000,0x00000000eab00000,0x00000000fdb00000)
  from space 16896K, 83% used [0x00000000fef80000,0x00000000ffd4d308,0x0000000100000000)
  to   space 18944K, 0% used [0x00000000fdb00000,0x00000000fdb00000,0x00000000fed80000)
 ParOldGen       total 184832K, used 53061K [0x00000000c0000000, 0x00000000cb480000, 0x00000000eab00000)
  object space 184832K, 28% used [0x00000000c0000000,0x00000000c33d1728,0x00000000cb480000)
 Metaspace       used 85300K, capacity 86224K, committed 86400K, reserved 1122304K
  class space    used 12378K, capacity 12588K, committed 12672K, reserved 1048576K
}
Event: 109.347 GC heap before
{Heap before GC invocations=20 (full 3):
 PSYoungGen      total 328192K, used 325428K [0x00000000eab00000, 0x0000000100000000, 0x0000000100000000)
  eden space 311296K, 100% used [0x00000000eab00000,0x00000000fdb00000,0x00000000fdb00000)
  from space 16896K, 83% used [0x00000000fef80000,0x00000000ffd4d308,0x0000000100000000)
  to   space 18944K, 0% used [0x00000000fdb00000,0x00000000fdb00000,0x00000000fed80000)
 ParOldGen       total 184832K, used 53061K [0x00000000c0000000, 0x00000000cb480000, 0x00000000eab00000)
  object space 184832K, 28% used [0x00000000c0000000,0x00000000c33d1728,0x00000000cb480000)
 Metaspace       used 85741K, capacity 86680K, committed 86912K, reserved 1124352K
  class space    used 12387K, capacity 12600K, committed 12672K, reserved 1048576K
Event: 109.361 GC heap after
Heap after GC invocations=20 (full 3):
 PSYoungGen      total 315392K, used 14063K [0x00000000eab00000, 0x00000000ff700000, 0x0000000100000000)
  eden space 301056K, 0% used [0x00000000eab00000,0x00000000eab00000,0x00000000fd100000)
  from space 14336K, 98% used [0x00000000fdb00000,0x00000000fe8bbdb8,0x00000000fe900000)
  to   space 14336K, 0% used [0x00000000fe900000,0x00000000fe900000,0x00000000ff700000)
 ParOldGen       total 184832K, used 53069K [0x00000000c0000000, 0x00000000cb480000, 0x00000000eab00000)
  object space 184832K, 28% used [0x00000000c0000000,0x00000000c33d3728,0x00000000cb480000)
 Metaspace       used 85741K, capacity 86680K, committed 86912K, reserved 1124352K
  class space    used 12387K, capacity 12600K, committed 12672K, reserved 1048576K
}
Event: 200.349 GC heap before
{Heap before GC invocations=21 (full 3):
 PSYoungGen      total 315392K, used 315119K [0x00000000eab00000, 0x00000000ff700000, 0x0000000100000000)
  eden space 301056K, 100% used [0x00000000eab00000,0x00000000fd100000,0x00000000fd100000)
  from space 14336K, 98% used [0x00000000fdb00000,0x00000000fe8bbdb8,0x00000000fe900000)
  to   space 14336K, 0% used [0x00000000fe900000,0x00000000fe900000,0x00000000ff700000)
 ParOldGen       total 184832K, used 53069K [0x00000000c0000000, 0x00000000cb480000, 0x00000000eab00000)
  object space 184832K, 28% used [0x00000000c0000000,0x00000000c33d3728,0x00000000cb480000)
 Metaspace       used 87475K, capacity 88650K, committed 88704K, reserved 1124352K
  class space    used 12619K, capacity 12888K, committed 12928K, reserved 1048576K
Event: 200.359 GC heap after
Heap after GC invocations=21 (full 3):
 PSYoungGen      total 305664K, used 14322K [0x00000000eab00000, 0x00000000ff700000, 0x0000000100000000)
  eden space 291328K, 0% used [0x00000000eab00000,0x00000000eab00000,0x00000000fc780000)
  from space 14336K, 99% used [0x00000000fe900000,0x00000000ff6fc948,0x00000000ff700000)
  to   space 19968K, 0% used [0x00000000fd000000,0x00000000fd000000,0x00000000fe380000)
 ParOldGen       total 184832K, used 53551K [0x00000000c0000000, 0x00000000cb480000, 0x00000000eab00000)
  object space 184832K, 28% used [0x00000000c0000000,0x00000000c344bf10,0x00000000cb480000)
 Metaspace       used 87475K, capacity 88650K, committed 88704K, reserved 1124352K
  class space    used 12619K, capacity 12888K, committed 12928K, reserved 1048576K
}

