# JRE version: Java(TM) SE Runtime Environment (8.0_221-b11) (build 1.8.0_221-b11)
# Java VM: Java HotSpot(TM) 64-Bit Server VM (25.221-b11 mixed mode windows-amd64 compressed oops)
Heap:
 PSYoungGen      total 327168K, used 161143K [0x00000000eab00000, 0x0000000100000000, 0x0000000100000000)
  eden space 309248K, 47% used [0x00000000eab00000,0x00000000f3936d20,0x00000000fd900000)
  from space 17920K, 86% used [0x00000000fee80000,0x00000000ffda7070,0x0000000100000000)
  to   space 19968K, 0% used [0x00000000fd900000,0x00000000fd900000,0x00000000fec80000)
 ParOldGen       total 186880K, used 53119K [0x00000000c0000000, 0x00000000cb680000, 0x00000000eab00000)
  object space 186880K, 28% used [0x00000000c0000000,0x00000000c33dfdb0,0x00000000cb680000)
 Metaspace       used 87789K, capacity 89058K, committed 89344K, reserved 1126400K
  class space    used 12750K, capacity 13040K, committed 13056K, reserved 1048576K
GC Heap History (10 events):
Event: 13.500 GC heap before
{Heap before GC invocations=15 (full 3):
 PSYoungGen      total 241664K, used 239272K [0x00000000eab00000, 0x00000000fdb00000, 0x0000000100000000)
  eden space 227840K, 98% used [0x00000000eab00000,0x00000000f8745458,0x00000000f8980000)
  from space 13824K, 99% used [0x00000000f8980000,0x00000000f96e4f40,0x00000000f9700000)
  to   space 15360K, 0% used [0x00000000fcc00000,0x00000000fcc00000,0x00000000fdb00000)
 ParOldGen       total 186880K, used 20311K [0x00000000c0000000, 0x00000000cb680000, 0x00000000eab00000)
  object space 186880K, 10% used [0x00000000c0000000,0x00000000c13d5d90,0x00000000cb680000)
 Metaspace       used 75732K, capacity 76272K, committed 76416K, reserved 1114112K
  class space    used 11211K, capacity 11363K, committed 11392K, reserved 1048576K
Event: 13.514 GC heap after
Heap after GC invocations=15 (full 3):
 PSYoungGen      total 288768K, used 12572K [0x00000000eab00000, 0x00000000fd880000, 0x0000000100000000)
  eden space 275968K, 0% used [0x00000000eab00000,0x00000000eab00000,0x00000000fb880000)
  from space 12800K, 98% used [0x00000000fcc00000,0x00000000fd847040,0x00000000fd880000)
  to   space 16384K, 0% used [0x00000000fb880000,0x00000000fb880000,0x00000000fc880000)
 ParOldGen       total 186880K, used 53087K [0x00000000c0000000, 0x00000000cb680000, 0x00000000eab00000)
  object space 186880K, 28% used [0x00000000c0000000,0x00000000c33d7db0,0x00000000cb680000)
 Metaspace       used 75732K, capacity 76272K, committed 76416K, reserved 1114112K
  class space    used 11211K, capacity 11363K, committed 11392K, reserved 1048576K
}
Event: 14.243 GC heap before
{Heap before GC invocations=16 (full 3):
 PSYoungGen      total 288768K, used 288540K [0x00000000eab00000, 0x00000000fd880000, 0x0000000100000000)
  eden space 275968K, 100% used [0x00000000eab00000,0x00000000fb880000,0x00000000fb880000)
  from space 12800K, 98% used [0x00000000fcc00000,0x00000000fd847040,0x00000000fd880000)
  to   space 16384K, 0% used [0x00000000fb880000,0x00000000fb880000,0x00000000fc880000)
 ParOldGen       total 186880K, used 53087K [0x00000000c0000000, 0x00000000cb680000, 0x00000000eab00000)
  object space 186880K, 28% used [0x00000000c0000000,0x00000000c33d7db0,0x00000000cb680000)
 Metaspace       used 77853K, capacity 78500K, committed 78848K, reserved 1116160K
  class space    used 11507K, capacity 11671K, committed 11776K, reserved 1048576K
Event: 14.252 GC heap after
Heap after GC invocations=16 (full 3):
 PSYoungGen      total 292352K, used 11109K [0x00000000eab00000, 0x0000000100000000, 0x0000000100000000)
  eden space 275968K, 0% used [0x00000000eab00000,0x00000000eab00000,0x00000000fb880000)
  from space 16384K, 67% used [0x00000000fb880000,0x00000000fc3596f0,0x00000000fc880000)
  to   space 16384K, 0% used [0x00000000ff000000,0x00000000ff000000,0x0000000100000000)
 ParOldGen       total 186880K, used 53095K [0x00000000c0000000, 0x00000000cb680000, 0x00000000eab00000)
  object space 186880K, 28% used [0x00000000c0000000,0x00000000c33d9db0,0x00000000cb680000)
 Metaspace       used 77853K, capacity 78500K, committed 78848K, reserved 1116160K
  class space    used 11507K, capacity 11671K, committed 11776K, reserved 1048576K
}
Event: 14.902 GC heap before
{Heap before GC invocations=17 (full 3):
 PSYoungGen      total 292352K, used 287077K [0x00000000eab00000, 0x0000000100000000, 0x0000000100000000)
  eden space 275968K, 100% used [0x00000000eab00000,0x00000000fb880000,0x00000000fb880000)
  from space 16384K, 67% used [0x00000000fb880000,0x00000000fc3596f0,0x00000000fc880000)
  to   space 16384K, 0% used [0x00000000ff000000,0x00000000ff000000,0x0000000100000000)
 ParOldGen       total 186880K, used 53095K [0x00000000c0000000, 0x00000000cb680000, 0x00000000eab00000)
  object space 186880K, 28% used [0x00000000c0000000,0x00000000c33d9db0,0x00000000cb680000)
 Metaspace       used 80127K, capacity 80862K, committed 81152K, reserved 1118208K
  class space    used 11768K, capacity 11958K, committed 12032K, reserved 1048576K
Event: 14.911 GC heap after
Heap after GC invocations=17 (full 3):
 PSYoungGen      total 331776K, used 12680K [0x00000000eab00000, 0x0000000100000000, 0x0000000100000000)
  eden space 315392K, 0% used [0x00000000eab00000,0x00000000eab00000,0x00000000fdf00000)
  from space 16384K, 77% used [0x00000000ff000000,0x00000000ffc62098,0x0000000100000000)
  to   space 16896K, 0% used [0x00000000fdf00000,0x00000000fdf00000,0x00000000fef80000)
 ParOldGen       total 186880K, used 53103K [0x00000000c0000000, 0x00000000cb680000, 0x00000000eab00000)
  object space 186880K, 28% used [0x00000000c0000000,0x00000000c33dbdb0,0x00000000cb680000)
 Metaspace       used 80127K, capacity 80862K, committed 81152K, reserved 1118208K
  class space    used 11768K, capacity 11958K, committed 12032K, reserved 1048576K
}
Event: 15.998 GC heap before
{Heap before GC invocations=18 (full 3):
 PSYoungGen      total 331776K, used 328072K [0x00000000eab00000, 0x0000000100000000, 0x0000000100000000)
  eden space 315392K, 100% used [0x00000000eab00000,0x00000000fdf00000,0x00000000fdf00000)
  from space 16384K, 77% used [0x00000000ff000000,0x00000000ffc62098,0x0000000100000000)
  to   space 16896K, 0% used [0x00000000fdf00000,0x00000000fdf00000,0x00000000fef80000)
 ParOldGen       total 186880K, used 53103K [0x00000000c0000000, 0x00000000cb680000, 0x00000000eab00000)
  object space 186880K, 28% used [0x00000000c0000000,0x00000000c33dbdb0,0x00000000cb680000)
 Metaspace       used 85663K, capacity 86598K, committed 86784K, reserved 1124352K
  class space    used 12509K, capacity 12745K, committed 12800K, reserved 1048576K
Event: 16.012 GC heap after
Heap after GC invocations=18 (full 3):
 PSYoungGen      total 331264K, used 15834K [0x00000000eab00000, 0x0000000100000000, 0x0000000100000000)
  eden space 315392K, 0% used [0x00000000eab00000,0x00000000eab00000,0x00000000fdf00000)
  from space 15872K, 99% used [0x00000000fdf00000,0x00000000fee76b40,0x00000000fee80000)
  to   space 17920K, 0% used [0x00000000fee80000,0x00000000fee80000,0x0000000100000000)
 ParOldGen       total 186880K, used 53111K [0x00000000c0000000, 0x00000000cb680000, 0x00000000eab00000)
  object space 186880K, 28% used [0x00000000c0000000,0x00000000c33dddb0,0x00000000cb680000)
 Metaspace       used 85663K, capacity 86598K, committed 86784K, reserved 1124352K
  class space    used 12509K, capacity 12745K, committed 12800K, reserved 1048576K
}
Event: 78.088 GC heap before
{Heap before GC invocations=19 (full 3):
 PSYoungGen      total 331264K, used 327701K [0x00000000eab00000, 0x0000000100000000, 0x0000000100000000)
  eden space 315392K, 98% used [0x00000000eab00000,0x00000000fdb8eb98,0x00000000fdf00000)
  from space 15872K, 99% used [0x00000000fdf00000,0x00000000fee76b40,0x00000000fee80000)
  to   space 17920K, 0% used [0x00000000fee80000,0x00000000fee80000,0x0000000100000000)
 ParOldGen       total 186880K, used 53111K [0x00000000c0000000, 0x00000000cb680000, 0x00000000eab00000)
  object space 186880K, 28% used [0x00000000c0000000,0x00000000c33dddb0,0x00000000cb680000)
 Metaspace       used 87598K, capacity 88820K, committed 89088K, reserved 1126400K
  class space    used 12746K, capacity 13033K, committed 13056K, reserved 1048576K
Event: 78.097 GC heap after
Heap after GC invocations=19 (full 3):
 PSYoungGen      total 327168K, used 15516K [0x00000000eab00000, 0x0000000100000000, 0x0000000100000000)
  eden space 309248K, 0% used [0x00000000eab00000,0x00000000eab00000,0x00000000fd900000)
  from space 17920K, 86% used [0x00000000fee80000,0x00000000ffda7070,0x0000000100000000)
  to   space 19968K, 0% used [0x00000000fd900000,0x00000000fd900000,0x00000000fec80000)
 ParOldGen       total 186880K, used 53119K [0x00000000c0000000, 0x00000000cb680000, 0x00000000eab00000)
  object space 186880K, 28% used [0x00000000c0000000,0x00000000c33dfdb0,0x00000000cb680000)
 Metaspace       used 87598K, capacity 88820K, committed 89088K, reserved 1126400K
  class space    used 12746K, capacity 13033K, committed 13056K, reserved 1048576K
}

